2024-01-06T15:12:02.638Z [INFO]: Connected to RabbitMQ
2024-01-06T18:55:03.987Z [INFO]: Connected to RabbitMQ
2024-01-06T19:11:41.395Z [INFO]: Connected to RabbitMQ
2024-01-06T19:20:57.837Z [INFO]: Connected to RabbitMQ
2024-01-06T19:41:59.481Z [INFO]: Connected to RabbitMQ
2024-01-06T21:58:54.106Z [INFO]: Connected to RabbitMQ
2024-01-06T22:03:19.651Z [ERROR]: Error registering user: Cannot destructure property 'name' of 'req.body' as it is undefined.
2024-01-06T22:17:26.240Z [ERROR]: Error registering user: Cannot destructure property 'name' of 'req.body' as it is undefined.
2024-01-06T22:19:10.572Z [INFO]: Connected to RabbitMQ
2024-01-06T22:20:26.667Z [ERROR]: Error registering user: Cannot destructure property 'name' of 'req.body' as it is undefined.
2024-01-06T22:25:09.256Z [INFO]: Connected to RabbitMQ
2024-01-06T22:25:21.982Z [ERROR]: Error registering user: Cannot destructure property 'name' of 'req.body' as it is undefined.
2024-01-06T22:47:53.924Z [INFO]: Connected to RabbitMQ
2024-01-06T22:49:20.255Z [ERROR]: Error registering user: Cannot destructure property 'fullname' of 'req.body' as it is undefined.
2024-01-06T23:31:46.460Z [INFO]: Connected to RabbitMQ
2024-01-06T23:34:54.261Z [ERROR]: Error registering user: Cannot destructure property 'email' of 'req.body' as it is undefined.
2024-01-06T23:39:51.150Z [INFO]: Connected to RabbitMQ
2024-01-06T23:40:48.956Z [INFO]: User registered: edeh@gmail.com
2024-01-06T23:52:34.016Z [INFO]: User registered: edeemail@gmail.com
2024-01-06T23:59:02.503Z [INFO]: Connected to RabbitMQ
2024-01-06T23:59:43.641Z [INFO]: User registered: edmail@gmail.com
2024-01-07T00:09:27.055Z [INFO]: User registered: edeh@gmail.com
2024-01-07T00:13:46.739Z [INFO]: Connected to RabbitMQ
2024-01-07T00:14:37.036Z [INFO]: User registered: edeh@gmail.com
2024-01-07T00:17:17.972Z [INFO]: Connected to RabbitMQ
2024-01-07T00:17:25.320Z [INFO]: User logged in: edeh@gmail.com
2024-01-07T00:32:37.020Z [INFO]: Connected to RabbitMQ
2024-01-07T00:38:52.331Z [ERROR]: Error creating room: Room validation failed: roomName: Path `roomName` is required.
2024-01-07T00:41:28.653Z [ERROR]: Error creating room: Room validation failed: roomName: Path `roomName` is required.
2024-01-07T01:04:10.250Z [INFO]: Connected to RabbitMQ
2024-01-07T01:06:57.968Z [ERROR]: Error creating room: Room validation failed: roomName: Path `roomName` is required.
2024-01-07T01:09:05.847Z [ERROR]: Error creating room: Room validation failed: roomName: Path `roomName` is required.
2024-01-07T01:43:26.294Z [INFO]: Connected to RabbitMQ
2024-01-07T01:45:33.412Z [INFO]: Connected to RabbitMQ
2024-01-07T01:45:48.047Z [ERROR]: Error creating room: Room validation failed: roomName: Path `roomName` is required.
2024-01-07T01:51:48.406Z [INFO]: Connected to RabbitMQ
2024-01-07T01:52:00.524Z [ERROR]: Error creating room: Room validation failed: roomName: Path `roomName` is required.
2024-01-07T02:00:33.506Z [INFO]: Connected to RabbitMQ
2024-01-07T02:00:51.260Z [ERROR]: Error creating room: Room validation failed: roomName: Path `roomName` is required.
2024-01-07T02:07:09.680Z [INFO]: Connected to RabbitMQ
2024-01-07T02:07:16.874Z [INFO]: Room created: Example Room
2024-01-07T02:35:29.788Z [INFO]: Connected to RabbitMQ
2024-01-07T02:42:57.072Z [ERROR]: Error joining room: Room not found
2024-01-07T02:44:28.681Z [ERROR]: Error joining room: Room not found
2024-01-07T02:47:26.356Z [ERROR]: Error joining room: Room not found
2024-01-07T03:01:01.619Z [INFO]: Connected to RabbitMQ
2024-01-07T03:01:36.405Z [ERROR]: Error joining room: Cannot access 'room' before initialization
2024-01-07T03:30:10.344Z [INFO]: Connected to RabbitMQ
2024-01-07T03:30:57.514Z [ERROR]: Error joining room: Room not found
2024-01-07T03:32:52.417Z [ERROR]: Error joining room: Room not found
2024-01-07T03:33:04.944Z [INFO]: Room created: Edeh room
2024-01-07T03:34:02.146Z [ERROR]: Error creating room: Room validation failed: maxParticipants: Path `maxParticipants` is required.
2024-01-07T03:34:29.572Z [ERROR]: Error joining room: Room not found
2024-01-07T03:36:49.289Z [INFO]: Connected to RabbitMQ
2024-01-07T03:36:56.225Z [ERROR]: Error joining room: Room not found
2024-01-07T03:38:51.952Z [INFO]: Connected to RabbitMQ
2024-01-07T03:39:04.249Z [ERROR]: Error joining room: Room not found
2024-01-07T03:41:30.490Z [INFO]: Connected to RabbitMQ
2024-01-07T03:46:36.823Z [INFO]: Connected to RabbitMQ
2024-01-07T03:47:24.871Z [ERROR]: Error joining room: Room not found
2024-01-07T03:47:59.054Z [ERROR]: Error joining room: Room not found
2024-01-07T03:50:17.093Z [INFO]: Connected to RabbitMQ
2024-01-07T03:50:25.461Z [ERROR]: Error joining room: Room not found
2024-01-07T03:51:36.419Z [INFO]: Room created: 659a1b70d3f02f7373f26c56
2024-01-07T03:52:49.236Z [ERROR]: Error creating room: Room validation failed: roomName: Path `roomName` is required., maxParticipants: Path `maxParticipants` is required.
2024-01-07T04:03:26.728Z [INFO]: Connected to RabbitMQ
2024-01-07T04:03:50.339Z [INFO]: Attempting to join room with ID: undefined
2024-01-07T04:03:50.530Z [ERROR]: Error joining room: Room not found
2024-01-07T04:08:22.344Z [INFO]: Connected to RabbitMQ
2024-01-07T04:08:34.867Z [INFO]: Attempting to join room with ID: 659a1fc852471e4d91e1695e
2024-01-07T04:08:35.075Z [INFO]: Found room: {"_id":"659a1fc852471e4d91e1695e","roomName":"659a1b70d3f02f7373f26c56","maxParticipants":5,"participants":[],"__v":0}
2024-01-07T04:08:35.325Z [INFO]: User 6599ecec4d886628de03e91d joined room 659a1fc852471e4d91e1695e
2024-01-07T05:12:16.873Z [INFO]: Connected to RabbitMQ
2024-01-07T05:16:08.860Z [INFO]: Connected to RabbitMQ
2024-01-07T05:16:16.080Z [ERROR]: Error starting bidding process: Bidding validation failed: endTime: Path `endTime` is required., initiator: Path `initiator` is required.
2024-01-07T05:20:59.407Z [ERROR]: Error starting bidding process: Bidding validation failed: endTime: Path `endTime` is required., initiator: Path `initiator` is required.
2024-01-07T05:23:22.893Z [ERROR]: Error starting bidding process: Bidding validation failed: endTime: Path `endTime` is required., initiator: Path `initiator` is required.
2024-01-07T06:13:08.893Z [INFO]: Connected to RabbitMQ
2024-01-07T06:13:38.724Z [ERROR]: Error starting bidding process: BiddingProcess validation failed: endTime: Path `endTime` is required.
2024-01-07T06:16:12.100Z [ERROR]: Error starting bidding process: BiddingProcess validation failed: endTime: Path `endTime` is required.
2024-01-07T06:20:31.925Z [ERROR]: Error starting bidding process: BiddingProcess validation failed: endTime: Path `endTime` is required.
2024-01-07T06:26:00.885Z [INFO]: Connected to RabbitMQ
2024-01-07T06:26:15.923Z [ERROR]: Error starting bidding process: BiddingProcess validation failed: duration: Path `duration` is required.
2024-01-07T06:26:43.034Z [ERROR]: Error starting bidding process: BiddingProcess validation failed: duration: Path `duration` is required.
2024-01-07T06:29:10.678Z [INFO]: Connected to RabbitMQ
2024-01-07T06:29:44.121Z [ERROR]: Error starting bidding process: BiddingProcess validation failed: hours: Path `hours` is required.
2024-01-07T06:30:58.462Z [INFO]: Connected to RabbitMQ
2024-01-07T06:31:55.459Z [INFO]: Message sent to queue 'biddingEventsQueue': {"roomId":"659a1fc852471e4d91e1695e","eventType":"biddingStarted","productDescription":"This is MacBook Pro","startTime":"2024-01-07T06:31:55.266Z"}
2024-01-07T06:34:38.239Z [INFO]: Connected to RabbitMQ
2024-01-07T06:38:32.370Z [INFO]: Message sent to queue 'biddingEventsQueue': {"roomId":"659a1fc852471e4d91e1695e","eventType":"bidSubmitted","userId":"6599ecec4d886628de03e91d","bidAmount":"1000000"}
2024-01-07T07:12:05.708Z [INFO]: Connected to RabbitMQ
2024-01-07T07:52:23.946Z [INFO]: Connected to RabbitMQ
2024-01-07T07:53:47.299Z [INFO]: Connected to RabbitMQ
2024-01-07T07:54:09.595Z [ERROR]: Error submitting bid: Bid validation failed: userId: Path `userId` is required., bidAmount: Path `bidAmount` is required.
2024-01-07T07:54:34.858Z [ERROR]: Error closing bidding process: BiddingProcess validation failed: hours: Path `hours` is required., status: `closed` is not a valid enum value for path `status`.
2024-01-07T07:54:34.862Z [ERROR]: Error closing bidding process: BiddingProcess validation failed: hours: Path `hours` is required., status: `closed` is not a valid enum value for path `status`.
2024-01-07T07:55:56.148Z [INFO]: Connected to RabbitMQ
2024-01-07T07:56:05.047Z [ERROR]: Error closing bidding process: BiddingProcess validation failed: status: `closed` is not a valid enum value for path `status`.
2024-01-07T07:56:05.048Z [ERROR]: Error closing bidding process: BiddingProcess validation failed: status: `closed` is not a valid enum value for path `status`.
2024-01-07T08:00:18.054Z [INFO]: Connected to RabbitMQ
2024-01-07T08:00:37.648Z [INFO]: Message sent to queue 'biddingEventsQueue': {"roomId":"659a1fc852471e4d91e1695e","eventType":"biddingClosed","biddingProcessId":"659a455b48094fc506daab8d","highestBidder":"6599ecec4d886628de03e91d","productDescription":"This is MacBook Pro"}
2024-01-07T08:52:26.644Z [INFO]: Connected to RabbitMQ
2024-01-07T08:54:47.757Z [INFO]: Message sent to queue 'biddingEventsQueue': {"roomId":"659a1fc852471e4d91e1695e","eventType":"biddingClosed","biddingProcessId":"659a455b48094fc506daab8d","highestBidder":"6599ecec4d886628de03e91d","productDescription":"This is MacBook Pro"}
2024-01-07T08:56:00.692Z [INFO]: Message sent to queue 'biddingEventsQueue': {"roomId":"659a1fc852471e4d91e1695e","eventType":"bidUpdated","userId":"6599ecec4d886628de03e91d"}
2024-01-07T08:56:00.695Z [ERROR]: Error updating bid: Bid validation failed: bidAmount: Path `bidAmount` is required.
2024-01-07T08:56:00.698Z [ERROR]: Error updating bid: Bid validation failed: bidAmount: Path `bidAmount` is required.
2024-01-07T08:56:57.802Z [INFO]: Message sent to queue 'biddingEventsQueue': {"roomId":"659a1fc852471e4d91e1695e","eventType":"bidUpdated","userId":"6599ecec4d886628de03e91d","newBidAmount":"900000"}
2024-01-07T23:05:25.329Z [ERROR]: Error consuming queue 'notificationEventsQueue': Cannot read properties of null (reading 'consume')
2024-01-07T23:05:26.832Z [INFO]: Connected to RabbitMQ
2024-01-08T00:11:42.553Z [ERROR]: Error consuming queue 'notificationEventsQueue': Cannot read properties of null (reading 'consume')
2024-01-08T00:11:43.232Z [INFO]: Connected to RabbitMQ
2024-01-08T00:16:27.699Z [INFO]: User registered: godfreyatser@gmail.com
2024-01-08T00:49:08.367Z [INFO]: User logged in: godfreyatser@gmail.com
2024-01-08T01:02:43.517Z [ERROR]: Error consuming queue 'notificationEventsQueue': Cannot read properties of null (reading 'consume')
2024-01-08T01:02:44.300Z [INFO]: Connected to RabbitMQ
2024-01-08T01:02:46.545Z [INFO]: Queue 'notificationEventsQueue' created
2024-01-08T01:02:46.610Z [INFO]: Consuming messages from queue 'notificationEventsQueue'
2024-01-08T01:07:51.634Z [INFO]: Connected to RabbitMQ
2024-01-08T01:07:51.736Z [INFO]: Consuming messages from queue 'notificationEventsQueue'
2024-01-08T01:07:51.738Z [INFO]: Connected to RabbitMQ
2024-01-08T01:07:51.905Z [INFO]: Queue 'notificationEventsQueue' created
2024-01-08T01:07:51.926Z [INFO]: Consuming messages from queue 'notificationEventsQueue'
2024-01-08T01:10:10.645Z [INFO]: Connected to RabbitMQ
2024-01-08T01:10:10.652Z [INFO]: Consuming messages from queue 'notificationEventsQueue'
2024-01-08T01:10:10.654Z [INFO]: Connected to RabbitMQ
2024-01-08T01:16:47.060Z [INFO]: Connected to RabbitMQ
2024-01-08T01:21:00.376Z [ERROR]: Error consuming queue 'notificationEventsQueue': Cannot read properties of null (reading 'consume')
2024-01-08T01:21:00.805Z [INFO]: Connected to RabbitMQ
2024-01-08T01:25:53.686Z [INFO]: Connected to RabbitMQ
2024-01-08T01:25:53.693Z [INFO]: Connected to RabbitMQ
2024-01-08T01:25:53.698Z [INFO]: Consuming messages from queue 'notificationEventsQueue'
2024-01-08T01:32:08.938Z [INFO]: Connected to RabbitMQ
2024-01-08T01:32:08.949Z [INFO]: Consuming messages from queue 'notificationEventsQueue'
2024-01-08T01:32:08.952Z [INFO]: Connected to RabbitMQ
2024-01-08T01:32:08.955Z [INFO]: Queue 'notificationEventsQueue' created
2024-01-08T01:32:08.957Z [INFO]: Consuming messages from queue 'notificationEventsQueue'
2024-01-08T01:34:00.138Z [INFO]: Connected to RabbitMQ
2024-01-08T01:34:00.145Z [INFO]: Connected to RabbitMQ
2024-01-08T01:34:00.149Z [INFO]: Consuming messages from queue 'notificationEventsQueue'
2024-01-08T01:40:43.413Z [INFO]: User logged in: godfreyatser@gmail.com
2024-01-08T01:56:56.919Z [INFO]: Connected to RabbitMQ
2024-01-08T01:56:56.927Z [INFO]: Connected to RabbitMQ
2024-01-08T01:56:56.931Z [INFO]: Consuming messages from queue 'notificationEventsQueue'
2024-01-08T01:57:34.624Z [INFO]: User logged in: godfreyatser@gmail.com
2024-01-08T02:04:17.702Z [INFO]: Connected to RabbitMQ
2024-01-08T02:04:17.715Z [INFO]: Consuming messages from queue 'notificationEventsQueue'
2024-01-08T02:04:17.723Z [INFO]: Connected to RabbitMQ
2024-01-08T02:10:00.321Z [INFO]: User logged in: godfreyatser@gmail.com
2024-01-08T02:12:39.229Z [INFO]: User logged in: godfreyatser@gmail.com
2024-01-08T02:29:09.250Z [INFO]: Connected to RabbitMQ
2024-01-08T02:29:09.255Z [INFO]: Connected to RabbitMQ
2024-01-08T02:29:09.258Z [INFO]: Consuming messages from queue 'notificationEventsQueue'
2024-01-08T02:29:30.884Z [INFO]: User logged in: godfreyatser@gmail.com
2024-01-08T02:34:35.364Z [INFO]: User logged in: godfreyatser@gmail.com
2024-01-08T02:38:53.954Z [INFO]: Connected to RabbitMQ
2024-01-08T02:38:53.968Z [INFO]: Connected to RabbitMQ
2024-01-08T02:38:53.975Z [INFO]: Consuming messages from queue 'notificationEventsQueue'
2024-01-08T02:39:12.647Z [INFO]: User logged in: godfreyatser@gmail.com
2024-01-08T08:00:03.545Z [ERROR]: Error connecting to RabbitMQ: read ECONNRESET
2024-01-08T08:03:02.900Z [ERROR]: Error connecting to RabbitMQ: connect ECONNREFUSED ::1:5672
2024-01-08T08:03:37.804Z [ERROR]: Error connecting to RabbitMQ: connect ECONNREFUSED ::1:5672
2024-01-08T08:04:51.220Z [ERROR]: Error connecting to RabbitMQ: connect ECONNREFUSED ::1:5672
2024-01-08T08:37:07.843Z [ERROR]: Error connecting to RabbitMQ: read ECONNRESET
2024-01-08T08:47:42.441Z [INFO]: Connected to RabbitMQ
2024-01-08T08:47:42.498Z [INFO]: Connected to RabbitMQ
2024-01-08T08:47:42.519Z [INFO]: Consuming messages from queue 'notificationEventsQueue'
2024-01-08T08:52:59.782Z [ERROR]: Error logging in: Token is not defined
2024-01-08T09:00:55.082Z [INFO]: Connected to RabbitMQ
2024-01-08T09:00:55.101Z [INFO]: Connected to RabbitMQ
2024-01-08T09:00:55.107Z [INFO]: Consuming messages from queue 'notificationEventsQueue'
2024-01-08T09:01:20.158Z [INFO]: User logged in: godfreyatser@gmail.com
2024-01-08T10:02:57.588Z [INFO]: Connected to RabbitMQ
2024-01-08T10:02:57.593Z [INFO]: Connected to RabbitMQ
2024-01-08T10:02:57.596Z [INFO]: Consuming messages from queue 'notificationEventsQueue'
2024-01-08T10:05:36.009Z [INFO]: User logged in: godfreyatser@gmail.com
2024-01-08T10:19:27.310Z [INFO]: Connected to RabbitMQ
2024-01-08T10:19:27.315Z [INFO]: Connected to RabbitMQ
2024-01-08T10:19:27.318Z [INFO]: Consuming messages from queue 'notificationEventsQueue'
2024-01-08T10:31:22.833Z [INFO]: Connected to RabbitMQ
2024-01-08T10:31:22.839Z [INFO]: Connected to RabbitMQ
2024-01-08T10:31:22.843Z [INFO]: Consuming messages from queue 'notificationEventsQueue'
2024-01-08T10:33:35.640Z [INFO]: User logged in: godfreyatser@gmail.com
2024-01-08T10:41:45.270Z [INFO]: Connected to RabbitMQ
2024-01-08T10:41:45.279Z [INFO]: Connected to RabbitMQ
2024-01-08T10:41:45.282Z [INFO]: Consuming messages from queue 'notificationEventsQueue'
2024-01-08T10:52:24.229Z [INFO]: Connected to RabbitMQ
2024-01-08T10:52:24.236Z [INFO]: Connected to RabbitMQ
2024-01-08T10:52:24.250Z [INFO]: Consuming messages from queue 'notificationEventsQueue'
2024-01-08T12:23:48.325Z [INFO]: Connected to RabbitMQ
2024-01-08T12:23:48.332Z [INFO]: Connected to RabbitMQ
2024-01-08T12:23:48.334Z [INFO]: Consuming messages from queue 'notificationEventsQueue'
2024-01-08T12:24:47.518Z [ERROR]: Error logging in: generateAccessToken is not defined
2024-01-08T12:54:00.232Z [INFO]: Connected to RabbitMQ
2024-01-08T12:54:00.238Z [INFO]: Connected to RabbitMQ
2024-01-08T12:54:00.240Z [INFO]: Consuming messages from queue 'notificationEventsQueue'
2024-01-08T12:54:26.104Z [ERROR]: Error logging in: Model.findOneAndUpdate() no longer accepts a callback
2024-01-08T12:58:12.979Z [INFO]: Connected to RabbitMQ
2024-01-08T12:58:12.988Z [INFO]: Connected to RabbitMQ
2024-01-08T12:58:12.992Z [INFO]: Consuming messages from queue 'notificationEventsQueue'
2024-01-08T12:58:31.641Z [ERROR]: Error logging in: access_token is not defined
2024-01-08T13:02:11.772Z [INFO]: Connected to RabbitMQ
2024-01-08T13:02:11.924Z [INFO]: Connected to RabbitMQ
2024-01-08T13:02:11.962Z [INFO]: Consuming messages from queue 'notificationEventsQueue'
2024-01-08T13:02:26.408Z [INFO]: User logged in: godfreyatser@gmail.com
2024-01-08T13:05:02.138Z [INFO]: Connected to RabbitMQ
2024-01-08T13:05:02.153Z [INFO]: Consuming messages from queue 'notificationEventsQueue'
2024-01-08T13:05:02.156Z [INFO]: Connected to RabbitMQ
2024-01-08T13:05:39.198Z [INFO]: User logged in: godfreyatser@gmail.com
2024-01-08T13:14:26.913Z [INFO]: Connected to RabbitMQ
2024-01-08T13:14:26.917Z [INFO]: Connected to RabbitMQ
2024-01-08T13:14:26.936Z [INFO]: Consuming messages from queue 'notificationEventsQueue'
2024-01-08T13:16:05.592Z [INFO]: Connected to RabbitMQ
2024-01-08T13:16:05.602Z [INFO]: Connected to RabbitMQ
2024-01-08T13:16:05.606Z [INFO]: Consuming messages from queue 'notificationEventsQueue'
2024-01-08T13:17:17.458Z [INFO]: User logged in: godfreyatser@gmail.com
2024-01-08T13:27:00.048Z [INFO]: Connected to RabbitMQ
2024-01-08T13:27:00.064Z [INFO]: Connected to RabbitMQ
2024-01-08T13:27:00.080Z [INFO]: Consuming messages from queue 'notificationEventsQueue'
2024-01-08T13:28:23.218Z [INFO]: Room created: Godel Room
2024-01-08T13:33:57.601Z [INFO]: Connected to RabbitMQ
2024-01-08T13:33:57.621Z [INFO]: Consuming messages from queue 'notificationEventsQueue'
2024-01-08T13:33:57.633Z [INFO]: Connected to RabbitMQ
2024-01-08T13:40:38.138Z [INFO]: Message sent to queue 'biddingEventsQueue': {"roomId":"659bf87634aba32b9f1ac10b","eventType":"biddingStarted","productDescription":"30000KVA Generator","startTime":"2024-01-08T13:40:37.939Z"}
2024-01-08T13:47:11.799Z [ERROR]: Error submitting bid: Bid validation failed: bidAmount: Cast to Number failed for value "5000,0000" (type string) at path "bidAmount"
2024-01-08T13:47:31.680Z [INFO]: Message sent to queue 'biddingEventsQueue': {"roomId":"659bf87634aba32b9f1ac10b","eventType":"bidSubmitted","userId":"659b3edb464984cd4af1648c","bidAmount":500000}
2024-01-08T13:55:13.412Z [INFO]: Message sent to queue 'biddingEventsQueue': {"roomId":"659bf87634aba32b9f1ac10b","eventType":"bidUpdated","userId":"659b3edb464984cd4af1648c","newBidAmount":5000000}
2024-01-08T13:59:53.718Z [ERROR]: Error getting highest bid: BiddingModel.findOne is not a function
2024-01-08T14:03:52.676Z [INFO]: Connected to RabbitMQ
2024-01-08T14:03:52.694Z [INFO]: Connected to RabbitMQ
2024-01-08T14:03:52.705Z [INFO]: Consuming messages from queue 'notificationEventsQueue'
2024-01-08T14:04:39.326Z [ERROR]: Error getting highest bid: BiddingModel.findOne is not a function
2024-01-08T14:57:48.137Z [INFO]: Connected to RabbitMQ
2024-01-08T14:57:48.146Z [INFO]: Consuming messages from queue 'notificationEventsQueue'
2024-01-08T14:57:48.147Z [INFO]: Connected to RabbitMQ
2024-01-08T15:10:01.276Z [INFO]: Connected to RabbitMQ
2024-01-08T15:10:01.338Z [INFO]: Connected to RabbitMQ
2024-01-08T15:10:01.544Z [INFO]: Consuming messages from queue 'notificationEventsQueue'
2024-01-08T15:11:06.506Z [INFO]: Message sent to queue 'biddingEventsQueue': {"roomId":"659bf87634aba32b9f1ac10b","eventType":"bidUpdated","userId":"659b3edb464984cd4af1648c","newBidAmount":1000000}
2024-01-08T15:12:24.558Z [ERROR]: Error submitting bid: BiddingModel is not defined
2024-01-08T15:12:24.565Z [INFO]: Message sent to queue 'biddingEventsQueue': {"roomId":"659bf87634aba32b9f1ac10b","eventType":"bidSubmitted","userId":"659b3edb464984cd4af1648c","bidAmount":3000000}
2024-01-08T15:21:11.752Z [INFO]: Connected to RabbitMQ
2024-01-08T15:21:11.761Z [INFO]: Connected to RabbitMQ
2024-01-08T15:21:11.765Z [INFO]: Consuming messages from queue 'notificationEventsQueue'
2024-01-08T15:21:24.779Z [INFO]: Message sent to queue 'biddingEventsQueue': {"roomId":"659bf87634aba32b9f1ac10b","eventType":"bidSubmitted","userId":"659b3edb464984cd4af1648c","bidAmount":3000000}
2024-01-08T15:22:59.372Z [INFO]: Connected to RabbitMQ
2024-01-08T15:22:59.381Z [INFO]: Connected to RabbitMQ
2024-01-08T15:22:59.387Z [INFO]: Consuming messages from queue 'notificationEventsQueue'
2024-01-08T15:23:35.646Z [INFO]: Message sent to queue 'biddingEventsQueue': {"roomId":"659bf87634aba32b9f1ac10b","eventType":"bidUpdated","userId":"659b3edb464984cd4af1648c","newBidAmount":7000000}
2024-01-08T15:27:40.288Z [INFO]: Message sent to queue 'biddingEventsQueue': {"roomId":"659bf87634aba32b9f1ac10b","eventType":"biddingClosed","biddingProcessId":"659bfb55ef19e2ede970da40","highestBidder":"659b3edb464984cd4af1648c","productDescription":"30000KVA Generator"}
2024-01-08T15:35:37.356Z [INFO]: Connected to RabbitMQ
2024-01-08T15:35:37.374Z [INFO]: Connected to RabbitMQ
2024-01-08T15:35:37.406Z [INFO]: Consuming messages from queue 'notificationEventsQueue'
2024-01-08T15:38:42.314Z [INFO]: Connected to RabbitMQ
2024-01-08T15:38:42.347Z [INFO]: Consuming messages from queue 'notificationEventsQueue'
2024-01-08T15:38:42.349Z [INFO]: Connected to RabbitMQ
2024-01-08T15:50:40.576Z [INFO]: Connected to RabbitMQ
2024-01-08T15:50:40.586Z [INFO]: Connected to RabbitMQ
2024-01-08T15:50:40.591Z [INFO]: Consuming messages from queue 'notificationEventsQueue'
2024-01-08T15:51:15.762Z [INFO]: Message sent to queue 'biddingEventsQueue': {"roomId":"659bf87634aba32b9f1ac10b","eventType":"biddingStarted","productDescription":"30000KVA Generator","startTime":"2024-01-08T15:51:15.575Z"}
2024-01-08T15:52:24.009Z [ERROR]: Error submitting bid: The bidding process is not active or does not exist
2024-01-08T15:53:06.199Z [INFO]: Message sent to queue 'biddingEventsQueue': {"roomId":"659bf87634aba32b9f1ac10b","eventType":"bidSubmitted","userId":"659b3edb464984cd4af1648c","bidAmount":3000000}
2024-01-08T15:56:16.065Z [INFO]: Message sent to queue 'biddingEventsQueue': {"roomId":"659bf87634aba32b9f1ac10b","eventType":"bidUpdated","userId":"659b3edb464984cd4af1648c","newBidAmount":7000000}
2024-01-08T15:58:25.129Z [INFO]: Message sent to queue 'biddingEventsQueue': {"roomId":"659bf87634aba32b9f1ac10b","eventType":"bidSubmitted","userId":"659b3edb464984cd4af1648c","bidAmount":300000}
2024-01-08T16:04:57.232Z [INFO]: Connected to RabbitMQ
2024-01-08T16:04:57.245Z [INFO]: Consuming messages from queue 'notificationEventsQueue'
2024-01-08T16:04:57.249Z [INFO]: Connected to RabbitMQ
2024-01-08T16:05:26.356Z [INFO]: Message sent to queue 'biddingEventsQueue': {"roomId":"659bf87634aba32b9f1ac10b","eventType":"bidSubmitted","userId":"659b3edb464984cd4af1648c","bidAmount":600000}
2024-01-08T16:17:40.438Z [INFO]: Connected to RabbitMQ
2024-01-08T16:17:40.459Z [INFO]: Connected to RabbitMQ
2024-01-08T16:17:40.467Z [INFO]: Consuming messages from queue 'notificationEventsQueue'
2024-01-08T16:18:10.698Z [INFO]: Message sent to queue 'biddingEventsQueue': {"roomId":"659bf87634aba32b9f1ac10b","eventType":"bidSubmitted","userId":"659b3edb464984cd4af1648c","bidAmount":800000}
2024-01-08T16:18:10.868Z [ERROR]: Error submitting bid: highestBidNotificationData is not defined
2024-01-08T16:22:24.752Z [INFO]: Connected to RabbitMQ
2024-01-08T16:22:24.760Z [INFO]: Connected to RabbitMQ
2024-01-08T16:22:24.762Z [INFO]: Consuming messages from queue 'notificationEventsQueue'
2024-01-08T16:22:45.022Z [INFO]: Message sent to queue 'biddingEventsQueue': {"roomId":"659bf87634aba32b9f1ac10b","eventType":"bidSubmitted","userId":"659b3edb464984cd4af1648c","bidAmount":800000}
2024-01-08T16:22:45.193Z [ERROR]: Error submitting bid: highestBidNotificationData is not defined
2024-01-08T16:26:09.142Z [INFO]: Connected to RabbitMQ
2024-01-08T16:26:09.158Z [INFO]: Consuming messages from queue 'notificationEventsQueue'
2024-01-08T16:26:09.166Z [INFO]: Connected to RabbitMQ
2024-01-08T16:26:15.793Z [INFO]: Message sent to queue 'biddingEventsQueue': {"roomId":"659bf87634aba32b9f1ac10b","eventType":"bidSubmitted","userId":"659b3edb464984cd4af1648c","bidAmount":800000}
2024-01-08T16:26:15.959Z [ERROR]: Error submitting bid: highestBidNotificationData is not defined
2024-01-08T16:29:28.081Z [INFO]: Connected to RabbitMQ
2024-01-08T16:29:28.088Z [INFO]: Connected to RabbitMQ
2024-01-08T16:29:28.094Z [INFO]: Consuming messages from queue 'notificationEventsQueue'
2024-01-08T16:29:37.185Z [INFO]: Message sent to queue 'biddingEventsQueue': {"roomId":"659bf87634aba32b9f1ac10b","eventType":"bidSubmitted","userId":"659b3edb464984cd4af1648c","bidAmount":800000}
2024-01-08T16:34:03.039Z [INFO]: Connected to RabbitMQ
2024-01-08T16:34:03.047Z [INFO]: Consuming messages from queue 'notificationEventsQueue'
2024-01-08T16:34:03.048Z [INFO]: Connected to RabbitMQ
2024-01-08T16:35:04.701Z [INFO]: Message sent to queue 'biddingEventsQueue': {"roomId":"659bf87634aba32b9f1ac10b","eventType":"bidSubmitted","userId":"659b3edb464984cd4af1648c","bidAmount":800000}
2024-01-08T16:42:19.802Z [INFO]: Connected to RabbitMQ
2024-01-08T16:42:19.806Z [INFO]: Connected to RabbitMQ
2024-01-08T16:42:19.809Z [INFO]: Consuming messages from queue 'notificationEventsQueue'
2024-01-08T16:42:40.868Z [INFO]: Message sent to queue 'biddingEventsQueue': {"roomId":"659bf87634aba32b9f1ac10b","eventType":"bidSubmitted","userId":"659b3edb464984cd4af1648c","bidAmount":60000}
2024-01-08T16:52:25.496Z [INFO]: Connected to RabbitMQ
2024-01-08T16:52:25.500Z [INFO]: Connected to RabbitMQ
2024-01-08T16:52:25.503Z [INFO]: Consuming messages from queue 'notificationEventsQueue'
2024-01-08T16:52:37.410Z [INFO]: Message sent to queue 'biddingEventsQueue': {"roomId":"659bf87634aba32b9f1ac10b","eventType":"bidSubmitted","userId":"659b3edb464984cd4af1648c","bidAmount":60000}
2024-01-08T16:52:52.178Z [INFO]: Message sent to queue 'biddingEventsQueue': {"roomId":"659bf87634aba32b9f1ac10b","eventType":"bidSubmitted","userId":"659b3edb464984cd4af1648c","bidAmount":120000}
2024-01-08T16:55:56.230Z [INFO]: Connected to RabbitMQ
2024-01-08T16:55:56.237Z [INFO]: Consuming messages from queue 'notificationEventsQueue'
2024-01-08T16:55:56.238Z [INFO]: Connected to RabbitMQ
2024-01-08T16:56:06.224Z [INFO]: Message sent to queue 'biddingEventsQueue': {"roomId":"659bf87634aba32b9f1ac10b","eventType":"bidSubmitted","userId":"659b3edb464984cd4af1648c","bidAmount":120000}
2024-01-08T16:56:22.653Z [INFO]: Message sent to queue 'biddingEventsQueue': {"roomId":"659bf87634aba32b9f1ac10b","eventType":"bidSubmitted","userId":"659b3edb464984cd4af1648c","bidAmount":180000}
2024-01-08T17:04:08.486Z [INFO]: Message sent to queue 'biddingEventsQueue': {"roomId":"659bf87634aba32b9f1ac10b","eventType":"biddingClosed","biddingProcessId":"659c19f37e057e7ff4ada002","highestBidder":"659b3edb464984cd4af1648c","productDescription":"30000KVA Generator"}
2024-01-08T17:17:28.486Z [INFO]: Connected to RabbitMQ
2024-01-08T17:17:28.493Z [INFO]: Connected to RabbitMQ
2024-01-08T17:17:28.496Z [INFO]: Consuming messages from queue 'notificationEventsQueue'
2024-01-08T17:18:01.485Z [INFO]: Message sent to queue 'biddingEventsQueue': {"roomId":"659bf87634aba32b9f1ac10b","eventType":"biddingStarted","productDescription":"30000KVA Generator","startTime":"2024-01-08T17:18:01.284Z"}
2024-01-08T17:18:20.776Z [ERROR]: Error submitting bid: The bidding process is not active or does not exist
2024-01-08T17:18:51.742Z [INFO]: Message sent to queue 'biddingEventsQueue': {"roomId":"659bf87634aba32b9f1ac10b","eventType":"bidSubmitted","userId":"659b3edb464984cd4af1648c","bidAmount":180000}
2024-01-08T17:22:50.763Z [INFO]: Connected to RabbitMQ
2024-01-08T17:22:50.784Z [INFO]: Consuming messages from queue 'notificationEventsQueue'
2024-01-08T17:22:50.786Z [INFO]: Connected to RabbitMQ
2024-01-08T17:23:15.760Z [INFO]: Message sent to queue 'biddingEventsQueue': {"roomId":"659bf87634aba32b9f1ac10b","eventType":"bidSubmitted","userId":"659b3edb464984cd4af1648c","bidAmount":190000}
2024-01-08T17:23:15.959Z [INFO]: Message sent to queue 'biddingEventsQueue': {"roomId":"659bf87634aba32b9f1ac10b","eventType":"highestBidUpdated","highestBidAmount":190000,"highestBidder":"659b3edb464984cd4af1648c"}
2024-01-08T17:24:14.445Z [INFO]: Message sent to queue 'biddingEventsQueue': {"roomId":"659bf87634aba32b9f1ac10b","eventType":"bidSubmitted","userId":"659b3edb464984cd4af1648c","bidAmount":1000}
2024-01-08T17:24:14.629Z [INFO]: Message sent to queue 'biddingEventsQueue': {"roomId":"659bf87634aba32b9f1ac10b","eventType":"highestBidUpdated","highestBidAmount":190000,"highestBidder":"659b3edb464984cd4af1648c"}
2024-01-08T17:33:41.208Z [INFO]: Connected to RabbitMQ
2024-01-08T17:33:41.217Z [INFO]: Connected to RabbitMQ
2024-01-08T17:33:41.231Z [INFO]: Consuming messages from queue 'notificationEventsQueue'
2024-01-08T17:34:54.841Z [INFO]: Message sent to queue 'biddingEventsQueue': {"roomId":"659bf87634aba32b9f1ac10b","eventType":"bidUpdated","userId":"659b3edb464984cd4af1648c","newBidAmount":7070000}
2024-01-08T17:34:55.746Z [ERROR]: Error updating bid: Cannot read properties of null (reading 'length')
2024-01-08T17:34:55.747Z [ERROR]: Error updating bid: Cannot read properties of null (reading 'length')
2024-01-08T17:40:39.606Z [INFO]: Connected to RabbitMQ
2024-01-08T17:40:39.619Z [INFO]: Connected to RabbitMQ
2024-01-08T17:40:39.639Z [INFO]: Consuming messages from queue 'notificationEventsQueue'
2024-01-08T17:41:08.534Z [INFO]: Message sent to queue 'biddingEventsQueue': {"roomId":"659bf87634aba32b9f1ac10b","eventType":"bidUpdated","userId":"659b3edb464984cd4af1648c","newBidAmount":7070000}
2024-01-08T17:41:08.928Z [INFO]: Message sent to queue 'biddingEventsQueue': {"roomId":"659bf87634aba32b9f1ac10b","eventType":"highestBidUpdated","highestBidAmount":7070000,"highestBidder":"659b3edb464984cd4af1648c"}
2024-01-08T17:41:25.897Z [INFO]: Message sent to queue 'biddingEventsQueue': {"roomId":"659bf87634aba32b9f1ac10b","eventType":"bidUpdated","userId":"659b3edb464984cd4af1648c","newBidAmount":70000}
2024-01-08T17:41:26.269Z [INFO]: Message sent to queue 'biddingEventsQueue': {"roomId":"659bf87634aba32b9f1ac10b","eventType":"highestBidUpdated","highestBidAmount":190000,"highestBidder":"659b3edb464984cd4af1648c"}
2024-01-08T17:43:19.869Z [INFO]: Connected to RabbitMQ
2024-01-08T17:43:19.874Z [INFO]: Connected to RabbitMQ
2024-01-08T17:43:19.879Z [INFO]: Consuming messages from queue 'notificationEventsQueue'
2024-01-08T17:43:49.737Z [ERROR]: Error closing bidding process: Bidding process is already closed
2024-01-08T17:43:49.738Z [ERROR]: Error closing bidding process: Bidding process is already closed
2024-01-08T17:48:00.495Z [INFO]: Connected to RabbitMQ
2024-01-08T17:48:00.503Z [INFO]: Connected to RabbitMQ
2024-01-08T17:48:00.511Z [INFO]: Consuming messages from queue 'notificationEventsQueue'
2024-01-08T17:48:43.785Z [ERROR]: Error closing bidding process: Bidding process is already closed
2024-01-08T17:48:43.788Z [ERROR]: Error closing bidding process: Bidding process is already closed
2024-01-08T17:49:23.242Z [INFO]: Message sent to queue 'biddingEventsQueue': {"roomId":"659bf87634aba32b9f1ac10b","eventType":"biddingClosed","biddingProcessId":"659c2e49f6302d3eaa0de268","highestBidder":"659b3edb464984cd4af1648c","productDescription":"30000KVA Generator"}
2024-01-08T17:54:24.181Z [INFO]: Connected to RabbitMQ
2024-01-08T17:54:24.202Z [INFO]: Consuming messages from queue 'notificationEventsQueue'
2024-01-08T17:54:24.207Z [INFO]: Connected to RabbitMQ
2024-01-08T17:58:05.517Z [INFO]: Message sent to queue 'biddingEventsQueue': {"roomId":"659bf87634aba32b9f1ac10b","eventType":"biddingStarted","productDescription":"Office AC ","startTime":"2024-01-08T17:58:05.309Z"}
2024-01-08T18:49:22.527Z [INFO]: Connected to RabbitMQ
2024-01-08T18:49:22.530Z [INFO]: Connected to RabbitMQ
2024-01-08T18:49:22.539Z [INFO]: Consuming messages from queue 'notificationEventsQueue'
2024-01-08T18:53:01.186Z [INFO]: Connected to RabbitMQ
2024-01-08T18:53:01.505Z [INFO]: Connected to RabbitMQ
2024-01-08T18:53:01.515Z [INFO]: Consuming messages from queue 'notificationEventsQueue'
2024-01-08T18:53:18.639Z [ERROR]: Error closing bidding process: Bidding process is already closed
2024-01-08T18:53:18.640Z [ERROR]: Error closing bidding process: Bidding process is already closed
2024-01-08T18:54:18.773Z [INFO]: Message sent to queue 'biddingEventsQueue': {"roomId":"659bf87634aba32b9f1ac10b","eventType":"biddingClosed","biddingProcessId":"659c37ad43e73793e26e09e9","highestBidder":null,"productDescription":"Office AC "}
2024-01-08T19:04:12.281Z [INFO]: Connected to RabbitMQ
2024-01-08T19:04:12.377Z [INFO]: Connected to RabbitMQ
2024-01-08T19:04:12.492Z [INFO]: Consuming messages from queue 'notificationEventsQueue'
2024-01-08T19:04:43.232Z [INFO]: Message sent to queue 'biddingEventsQueue': {"roomId":"659bf87634aba32b9f1ac10b","eventType":"biddingClosed","biddingProcessId":"659c37ad43e73793e26e09e9","productDescription":"Office AC "}
2024-01-09T04:11:18.543Z [INFO]: Connected to RabbitMQ
2024-01-09T04:11:18.546Z [INFO]: Connected to RabbitMQ
2024-01-09T04:11:18.620Z [INFO]: Consuming messages from queue 'notificationEventsQueue'
2024-01-09T04:27:30.646Z [INFO]: Connected to RabbitMQ
2024-01-09T04:27:30.657Z [INFO]: Connected to RabbitMQ
2024-01-09T04:27:30.659Z [INFO]: Consuming messages from queue 'notificationEventsQueue'
2024-01-09T04:28:10.286Z [INFO]: Message sent to queue 'biddingEventsQueue': {"roomId":"659bf87634aba32b9f1ac10b","eventType":"biddingClosed","biddingProcessId":"659c37ad43e73793e26e09e9","productDescription":"Office AC "}
2024-01-09T04:35:00.684Z [INFO]: Connected to RabbitMQ
2024-01-09T04:35:00.701Z [INFO]: Connected to RabbitMQ
2024-01-09T04:35:00.705Z [INFO]: Consuming messages from queue 'notificationEventsQueue'
2024-01-09T04:35:17.473Z [ERROR]: Error closing bidding process: Bidding process is already closed
2024-01-09T04:35:17.549Z [ERROR]: Error closing bidding process: Bidding process is already closed
2024-01-09T04:35:51.961Z [INFO]: Message sent to queue 'biddingEventsQueue': {"roomId":"659bf87634aba32b9f1ac10b","eventType":"biddingClosed","biddingProcessId":"659c37ad43e73793e26e09e9","productDescription":"Office AC "}
2024-01-09T04:42:45.317Z [INFO]: Connected to RabbitMQ
2024-01-09T04:42:45.324Z [INFO]: Connected to RabbitMQ
2024-01-09T04:42:45.330Z [INFO]: Consuming messages from queue 'notificationEventsQueue'
2024-01-09T04:42:54.351Z [ERROR]: Error closing bidding process: Cannot read properties of undefined (reading 'bidAmount')
2024-01-09T04:42:54.358Z [ERROR]: Error closing bidding process: Cannot read properties of undefined (reading 'bidAmount')
2024-01-09T04:44:17.764Z [INFO]: Connected to RabbitMQ
2024-01-09T04:44:17.775Z [INFO]: Consuming messages from queue 'notificationEventsQueue'
2024-01-09T04:44:17.797Z [INFO]: Connected to RabbitMQ
2024-01-09T04:44:32.470Z [ERROR]: Error closing bidding process: Bidding process is already closed
2024-01-09T04:44:32.482Z [ERROR]: Error closing bidding process: Bidding process is already closed
2024-01-09T04:45:40.466Z [INFO]: Message sent to queue 'biddingEventsQueue': {"roomId":"659bf87634aba32b9f1ac10b","eventType":"biddingClosed","biddingProcessId":"659c37ad43e73793e26e09e9","productDescription":"Office AC "}
2024-01-09T04:46:38.185Z [INFO]: Connected to RabbitMQ
2024-01-09T04:46:38.703Z [INFO]: Connected to RabbitMQ
2024-01-09T04:46:38.793Z [INFO]: Consuming messages from queue 'notificationEventsQueue'
2024-01-09T04:47:37.973Z [INFO]: Message sent to queue 'biddingEventsQueue': {"roomId":"659bf87634aba32b9f1ac10b","eventType":"biddingClosed","biddingProcessId":"659c37ad43e73793e26e09e9","highestBidder":null,"productDescription":"Office AC "}
2024-01-09T04:52:33.570Z [INFO]: Connected to RabbitMQ
2024-01-09T04:52:33.590Z [INFO]: Connected to RabbitMQ
2024-01-09T04:52:33.593Z [INFO]: Consuming messages from queue 'notificationEventsQueue'
2024-01-09T04:53:19.711Z [INFO]: Message sent to queue 'biddingEventsQueue': {"roomId":"659bf87634aba32b9f1ac10b","eventType":"biddingClosed","biddingProcessId":"659c19f37e057e7ff4ada002","highestBidder":"659b3edb464984cd4af1648c","productDescription":"30000KVA Generator"}
